2014/07/24 14:59:06 [error] [exception.CHttpException.404] exception 'CHttpException' with message 'Unable to resolve the request "comments/add".' in /var/www/html/yii/framework/web/CWebApplication.php:286
Stack trace:
#0 /var/www/html/yii/framework/web/CWebApplication.php(141): CWebApplication->runController('comments/add')
#1 /var/www/html/yii/framework/base/CApplication.php(180): CWebApplication->processRequest()
#2 /var/www/html/testdrive/index.php(13): CApplication->run()
#3 {main}
REQUEST_URI=/testdrive/index.php?r=comments/add
---
2014/07/24 14:59:14 [error] [exception.CHttpException.404] exception 'CHttpException' with message 'Unable to resolve the request "comments/add.php".' in /var/www/html/yii/framework/web/CWebApplication.php:286
Stack trace:
#0 /var/www/html/yii/framework/web/CWebApplication.php(141): CWebApplication->runController('comments/add.ph...')
#1 /var/www/html/yii/framework/base/CApplication.php(180): CWebApplication->processRequest()
#2 /var/www/html/testdrive/index.php(13): CApplication->run()
#3 {main}
REQUEST_URI=/testdrive/index.php?r=comments/add.php
---
2014/07/24 14:59:27 [error] [exception.CHttpException.404] exception 'CHttpException' with message 'Unable to resolve the request "comments/show_comments.php".' in /var/www/html/yii/framework/web/CWebApplication.php:286
Stack trace:
#0 /var/www/html/yii/framework/web/CWebApplication.php(141): CWebApplication->runController('comments/show_c...')
#1 /var/www/html/yii/framework/base/CApplication.php(180): CWebApplication->processRequest()
#2 /var/www/html/testdrive/index.php(13): CApplication->run()
#3 {main}
REQUEST_URI=/testdrive/index.php?r=comments/show_comments.php
---
2014/07/24 14:59:53 [error] [exception.CHttpException.404] exception 'CHttpException' with message 'Unable to resolve the request "comments/show_comments".' in /var/www/html/yii/framework/web/CWebApplication.php:286
Stack trace:
#0 /var/www/html/yii/framework/web/CWebApplication.php(141): CWebApplication->runController('comments/show_c...')
#1 /var/www/html/yii/framework/base/CApplication.php(180): CWebApplication->processRequest()
#2 /var/www/html/testdrive/index.php(13): CApplication->run()
#3 {main}
REQUEST_URI=/testdrive/index.php?r=comments/show_comments
---
2014/07/24 15:00:13 [error] [exception.CHttpException.404] exception 'CHttpException' with message 'Unable to resolve the request "comments/index".' in /var/www/html/yii/framework/web/CWebApplication.php:286
Stack trace:
#0 /var/www/html/yii/framework/web/CWebApplication.php(141): CWebApplication->runController('comments/index')
#1 /var/www/html/yii/framework/base/CApplication.php(180): CWebApplication->processRequest()
#2 /var/www/html/testdrive/index.php(13): CApplication->run()
#3 {main}
REQUEST_URI=/testdrive/index.php?r=comments/index
---
2014/07/24 15:00:24 [error] [exception.CHttpException.404] exception 'CHttpException' with message 'Unable to resolve the request "comments/add".' in /var/www/html/yii/framework/web/CWebApplication.php:286
Stack trace:
#0 /var/www/html/yii/framework/web/CWebApplication.php(141): CWebApplication->runController('comments/add')
#1 /var/www/html/yii/framework/base/CApplication.php(180): CWebApplication->processRequest()
#2 /var/www/html/testdrive/index.php(13): CApplication->run()
#3 {main}
REQUEST_URI=/testdrive/index.php?r=comments/add
---
2014/07/24 15:01:03 [error] [exception.CHttpException.404] exception 'CHttpException' with message 'The system is unable to find the requested action "add".' in /var/www/html/yii/framework/web/CController.php:483
Stack trace:
#0 /var/www/html/yii/framework/web/CController.php(270): CController->missingAction('add')
#1 /var/www/html/yii/framework/web/CWebApplication.php(282): CController->run('add')
#2 /var/www/html/yii/framework/web/CWebApplication.php(141): CWebApplication->runController('comment/add')
#3 /var/www/html/yii/framework/base/CApplication.php(180): CWebApplication->processRequest()
#4 /var/www/html/testdrive/index.php(13): CApplication->run()
#5 {main}
REQUEST_URI=/testdrive/index.php?r=comment/add
---
2014/07/24 15:01:44 [error] [exception.CHttpException.404] exception 'CHttpException' with message 'Unable to resolve the request "comment/add".' in /var/www/html/yii/framework/web/CWebApplication.php:286
Stack trace:
#0 /var/www/html/yii/framework/web/CWebApplication.php(141): CWebApplication->runController('comment/add')
#1 /var/www/html/yii/framework/base/CApplication.php(180): CWebApplication->processRequest()
#2 /var/www/html/testdrive/index.php(13): CApplication->run()
#3 {main}
REQUEST_URI=/testdrive/index.php?r=comment/add
---
2014/07/24 15:01:49 [error] [exception.CHttpException.404] exception 'CHttpException' with message 'Unable to resolve the request "comments/add".' in /var/www/html/yii/framework/web/CWebApplication.php:286
Stack trace:
#0 /var/www/html/yii/framework/web/CWebApplication.php(141): CWebApplication->runController('comments/add')
#1 /var/www/html/yii/framework/base/CApplication.php(180): CWebApplication->processRequest()
#2 /var/www/html/testdrive/index.php(13): CApplication->run()
#3 {main}
REQUEST_URI=/testdrive/index.php?r=comments/add
---
2014/07/24 15:02:52 [error] [exception.CHttpException.404] exception 'CHttpException' with message 'Unable to resolve the request "comments/add".' in /var/www/html/yii/framework/web/CWebApplication.php:286
Stack trace:
#0 /var/www/html/yii/framework/web/CWebApplication.php(141): CWebApplication->runController('comments/add')
#1 /var/www/html/yii/framework/base/CApplication.php(180): CWebApplication->processRequest()
#2 /var/www/html/testdrive/index.php(13): CApplication->run()
#3 {main}
REQUEST_URI=/testdrive/index.php?r=comments/add
---
2014/07/24 15:03:04 [error] [exception.CHttpException.404] exception 'CHttpException' with message 'Unable to resolve the request "comments/add".' in /var/www/html/yii/framework/web/CWebApplication.php:286
Stack trace:
#0 /var/www/html/yii/framework/web/CWebApplication.php(141): CWebApplication->runController('comments/add')
#1 /var/www/html/yii/framework/base/CApplication.php(180): CWebApplication->processRequest()
#2 /var/www/html/testdrive/index.php(13): CApplication->run()
#3 {main}
REQUEST_URI=/testdrive/index.php?r=comments/add
---
2014/07/24 15:03:05 [error] [exception.CHttpException.404] exception 'CHttpException' with message 'Unable to resolve the request "comments/add".' in /var/www/html/yii/framework/web/CWebApplication.php:286
Stack trace:
#0 /var/www/html/yii/framework/web/CWebApplication.php(141): CWebApplication->runController('comments/add')
#1 /var/www/html/yii/framework/base/CApplication.php(180): CWebApplication->processRequest()
#2 /var/www/html/testdrive/index.php(13): CApplication->run()
#3 {main}
REQUEST_URI=/testdrive/index.php?r=comments/add
---
2014/07/24 15:03:06 [error] [exception.CHttpException.404] exception 'CHttpException' with message 'Unable to resolve the request "comments/add".' in /var/www/html/yii/framework/web/CWebApplication.php:286
Stack trace:
#0 /var/www/html/yii/framework/web/CWebApplication.php(141): CWebApplication->runController('comments/add')
#1 /var/www/html/yii/framework/base/CApplication.php(180): CWebApplication->processRequest()
#2 /var/www/html/testdrive/index.php(13): CApplication->run()
#3 {main}
REQUEST_URI=/testdrive/index.php?r=comments/add
---
2014/07/24 15:03:41 [error] [exception.CHttpException.404] exception 'CHttpException' with message 'Unable to resolve the request "comments/add".' in /var/www/html/yii/framework/web/CWebApplication.php:286
Stack trace:
#0 /var/www/html/yii/framework/web/CWebApplication.php(141): CWebApplication->runController('comments/add')
#1 /var/www/html/yii/framework/base/CApplication.php(180): CWebApplication->processRequest()
#2 /var/www/html/testdrive/index.php(13): CApplication->run()
#3 {main}
REQUEST_URI=/testdrive/index.php?r=comments/add
---
2014/07/24 15:04:36 [error] [exception.CHttpException.404] exception 'CHttpException' with message 'The system is unable to find the requested action "show_comments".' in /var/www/html/yii/framework/web/CController.php:483
Stack trace:
#0 /var/www/html/yii/framework/web/CController.php(270): CController->missingAction('show_comments')
#1 /var/www/html/yii/framework/web/CWebApplication.php(282): CController->run('show_comments')
#2 /var/www/html/yii/framework/web/CWebApplication.php(141): CWebApplication->runController('comment/show_co...')
#3 /var/www/html/yii/framework/base/CApplication.php(180): CWebApplication->processRequest()
#4 /var/www/html/testdrive/index.php(13): CApplication->run()
#5 {main}
REQUEST_URI=/testdrive/index.php?r=comment/show_comments
---
2014/07/24 15:05:42 [error] [exception.CHttpException.404] exception 'CHttpException' with message 'The system is unable to find the requested action "show_comments".' in /var/www/html/yii/framework/web/CController.php:483
Stack trace:
#0 /var/www/html/yii/framework/web/CController.php(270): CController->missingAction('show_comments')
#1 /var/www/html/yii/framework/web/CWebApplication.php(282): CController->run('show_comments')
#2 /var/www/html/yii/framework/web/CWebApplication.php(141): CWebApplication->runController('comment/show_co...')
#3 /var/www/html/yii/framework/base/CApplication.php(180): CWebApplication->processRequest()
#4 /var/www/html/testdrive/index.php(13): CApplication->run()
#5 {main}
REQUEST_URI=/testdrive/index.php?r=comment/show_comments
---
2014/07/24 15:05:43 [error] [exception.CHttpException.404] exception 'CHttpException' with message 'The system is unable to find the requested action "show_comments".' in /var/www/html/yii/framework/web/CController.php:483
Stack trace:
#0 /var/www/html/yii/framework/web/CController.php(270): CController->missingAction('show_comments')
#1 /var/www/html/yii/framework/web/CWebApplication.php(282): CController->run('show_comments')
#2 /var/www/html/yii/framework/web/CWebApplication.php(141): CWebApplication->runController('comment/show_co...')
#3 /var/www/html/yii/framework/base/CApplication.php(180): CWebApplication->processRequest()
#4 /var/www/html/testdrive/index.php(13): CApplication->run()
#5 {main}
REQUEST_URI=/testdrive/index.php?r=comment/show_comments
---
2014/07/24 15:05:43 [error] [exception.CHttpException.404] exception 'CHttpException' with message 'The system is unable to find the requested action "show_comments".' in /var/www/html/yii/framework/web/CController.php:483
Stack trace:
#0 /var/www/html/yii/framework/web/CController.php(270): CController->missingAction('show_comments')
#1 /var/www/html/yii/framework/web/CWebApplication.php(282): CController->run('show_comments')
#2 /var/www/html/yii/framework/web/CWebApplication.php(141): CWebApplication->runController('comment/show_co...')
#3 /var/www/html/yii/framework/base/CApplication.php(180): CWebApplication->processRequest()
#4 /var/www/html/testdrive/index.php(13): CApplication->run()
#5 {main}
REQUEST_URI=/testdrive/index.php?r=comment/show_comments
---
2014/07/24 15:16:14 [error] [exception.CHttpException.404] exception 'CHttpException' with message 'The system is unable to find the requested action "show_comments".' in /var/www/html/yii/framework/web/CController.php:483
Stack trace:
#0 /var/www/html/yii/framework/web/CController.php(270): CController->missingAction('show_comments')
#1 /var/www/html/yii/framework/web/CWebApplication.php(282): CController->run('show_comments')
#2 /var/www/html/yii/framework/web/CWebApplication.php(141): CWebApplication->runController('comment/show_co...')
#3 /var/www/html/yii/framework/base/CApplication.php(180): CWebApplication->processRequest()
#4 /var/www/html/testdrive/index.php(13): CApplication->run()
#5 {main}
REQUEST_URI=/testdrive/index.php?r=comment/show_comments
---
2014/07/24 15:17:21 [error] [exception.CHttpException.404] exception 'CHttpException' with message 'The system is unable to find the requested action "showcomments".' in /var/www/html/yii/framework/web/CController.php:483
Stack trace:
#0 /var/www/html/yii/framework/web/CController.php(270): CController->missingAction('showcomments')
#1 /var/www/html/yii/framework/web/CWebApplication.php(282): CController->run('showcomments')
#2 /var/www/html/yii/framework/web/CWebApplication.php(141): CWebApplication->runController('comment/showcom...')
#3 /var/www/html/yii/framework/base/CApplication.php(180): CWebApplication->processRequest()
#4 /var/www/html/testdrive/index.php(13): CApplication->run()
#5 {main}
REQUEST_URI=/testdrive/index.php?r=comment/showcomments
---
2014/07/24 15:17:23 [error] [exception.CHttpException.404] exception 'CHttpException' with message 'The system is unable to find the requested action "showcomments".' in /var/www/html/yii/framework/web/CController.php:483
Stack trace:
#0 /var/www/html/yii/framework/web/CController.php(270): CController->missingAction('showcomments')
#1 /var/www/html/yii/framework/web/CWebApplication.php(282): CController->run('showcomments')
#2 /var/www/html/yii/framework/web/CWebApplication.php(141): CWebApplication->runController('comment/showcom...')
#3 /var/www/html/yii/framework/base/CApplication.php(180): CWebApplication->processRequest()
#4 /var/www/html/testdrive/index.php(13): CApplication->run()
#5 {main}
REQUEST_URI=/testdrive/index.php?r=comment/showcomments
---
2014/07/24 15:17:47 [error] [exception.CHttpException.404] exception 'CHttpException' with message 'The system is unable to find the requested action "showcomments".' in /var/www/html/yii/framework/web/CController.php:483
Stack trace:
#0 /var/www/html/yii/framework/web/CController.php(270): CController->missingAction('showcomments')
#1 /var/www/html/yii/framework/web/CWebApplication.php(282): CController->run('showcomments')
#2 /var/www/html/yii/framework/web/CWebApplication.php(141): CWebApplication->runController('comment/showcom...')
#3 /var/www/html/yii/framework/base/CApplication.php(180): CWebApplication->processRequest()
#4 /var/www/html/testdrive/index.php(13): CApplication->run()
#5 {main}
REQUEST_URI=/testdrive/index.php?r=comment/showcomments
---
2014/07/24 15:18:07 [error] [exception.CHttpException.404] exception 'CHttpException' with message 'The system is unable to find the requested action "showcomment".' in /var/www/html/yii/framework/web/CController.php:483
Stack trace:
#0 /var/www/html/yii/framework/web/CController.php(270): CController->missingAction('showcomment')
#1 /var/www/html/yii/framework/web/CWebApplication.php(282): CController->run('showcomment')
#2 /var/www/html/yii/framework/web/CWebApplication.php(141): CWebApplication->runController('comment/showcom...')
#3 /var/www/html/yii/framework/base/CApplication.php(180): CWebApplication->processRequest()
#4 /var/www/html/testdrive/index.php(13): CApplication->run()
#5 {main}
REQUEST_URI=/testdrive/index.php?r=comment/showcomment
---
2014/07/24 16:29:13 [error] [php] Undefined variable: model (/var/www/html/testdrive/protected/views/comment/showcomments.php:15)
Stack trace:
#0 /var/www/html/yii/framework/web/CController.php(869): CommentController->renderFile()
#1 /var/www/html/yii/framework/web/CController.php(782): CommentController->renderPartial()
#2 /var/www/html/testdrive/protected/controllers/CommentController.php(10): CommentController->render()
#3 /var/www/html/yii/framework/web/actions/CInlineAction.php(49): CommentController->actionIndex()
#4 /var/www/html/yii/framework/web/CController.php(308): CInlineAction->runWithParams()
#5 /var/www/html/yii/framework/web/CController.php(286): CommentController->runAction()
#6 /var/www/html/yii/framework/web/CController.php(265): CommentController->runActionWithFilters()
#7 /var/www/html/yii/framework/web/CWebApplication.php(282): CommentController->run()
#8 /var/www/html/yii/framework/web/CWebApplication.php(141): CWebApplication->runController()
#9 /var/www/html/yii/framework/base/CApplication.php(180): CWebApplication->processRequest()
#10 /var/www/html/testdrive/index.php(13): CWebApplication->run()
REQUEST_URI=/testdrive/index.php?r=comment/index
in /var/www/html/testdrive/protected/views/comment/showcomments.php (15)
in /var/www/html/testdrive/protected/controllers/CommentController.php (10)
in /var/www/html/testdrive/index.php (13)
2014/07/24 16:31:09 [error] [php] Undefined variable: model (/var/www/html/testdrive/protected/views/comment/showcomments.php:15)
Stack trace:
#0 /var/www/html/yii/framework/web/CController.php(869): CommentController->renderFile()
#1 /var/www/html/yii/framework/web/CController.php(782): CommentController->renderPartial()
#2 /var/www/html/testdrive/protected/controllers/CommentController.php(10): CommentController->render()
#3 /var/www/html/yii/framework/web/actions/CInlineAction.php(49): CommentController->actionIndex()
#4 /var/www/html/yii/framework/web/CController.php(308): CInlineAction->runWithParams()
#5 /var/www/html/yii/framework/web/CController.php(286): CommentController->runAction()
#6 /var/www/html/yii/framework/web/CController.php(265): CommentController->runActionWithFilters()
#7 /var/www/html/yii/framework/web/CWebApplication.php(282): CommentController->run()
#8 /var/www/html/yii/framework/web/CWebApplication.php(141): CWebApplication->runController()
#9 /var/www/html/yii/framework/base/CApplication.php(180): CWebApplication->processRequest()
#10 /var/www/html/testdrive/index.php(13): CWebApplication->run()
REQUEST_URI=/testdrive/index.php?r=comment/index
in /var/www/html/testdrive/protected/views/comment/showcomments.php (15)
in /var/www/html/testdrive/protected/controllers/CommentController.php (10)
in /var/www/html/testdrive/index.php (13)
2014/07/24 16:31:10 [error] [php] Undefined variable: model (/var/www/html/testdrive/protected/views/comment/showcomments.php:15)
Stack trace:
#0 /var/www/html/yii/framework/web/CController.php(869): CommentController->renderFile()
#1 /var/www/html/yii/framework/web/CController.php(782): CommentController->renderPartial()
#2 /var/www/html/testdrive/protected/controllers/CommentController.php(10): CommentController->render()
#3 /var/www/html/yii/framework/web/actions/CInlineAction.php(49): CommentController->actionIndex()
#4 /var/www/html/yii/framework/web/CController.php(308): CInlineAction->runWithParams()
#5 /var/www/html/yii/framework/web/CController.php(286): CommentController->runAction()
#6 /var/www/html/yii/framework/web/CController.php(265): CommentController->runActionWithFilters()
#7 /var/www/html/yii/framework/web/CWebApplication.php(282): CommentController->run()
#8 /var/www/html/yii/framework/web/CWebApplication.php(141): CWebApplication->runController()
#9 /var/www/html/yii/framework/base/CApplication.php(180): CWebApplication->processRequest()
#10 /var/www/html/testdrive/index.php(13): CWebApplication->run()
REQUEST_URI=/testdrive/index.php?r=comment/index
in /var/www/html/testdrive/protected/views/comment/showcomments.php (15)
in /var/www/html/testdrive/protected/controllers/CommentController.php (10)
in /var/www/html/testdrive/index.php (13)
2014/07/24 16:35:24 [error] [php] Undefined variable: model (/var/www/html/testdrive/protected/views/comment/showcomments.php:15)
Stack trace:
#0 /var/www/html/yii/framework/web/CController.php(869): CommentController->renderFile()
#1 /var/www/html/yii/framework/web/CController.php(782): CommentController->renderPartial()
#2 /var/www/html/testdrive/protected/controllers/CommentController.php(10): CommentController->render()
#3 /var/www/html/yii/framework/web/actions/CInlineAction.php(49): CommentController->actionIndex()
#4 /var/www/html/yii/framework/web/CController.php(308): CInlineAction->runWithParams()
#5 /var/www/html/yii/framework/web/CController.php(286): CommentController->runAction()
#6 /var/www/html/yii/framework/web/CController.php(265): CommentController->runActionWithFilters()
#7 /var/www/html/yii/framework/web/CWebApplication.php(282): CommentController->run()
#8 /var/www/html/yii/framework/web/CWebApplication.php(141): CWebApplication->runController()
#9 /var/www/html/yii/framework/base/CApplication.php(180): CWebApplication->processRequest()
#10 /var/www/html/testdrive/index.php(13): CWebApplication->run()
REQUEST_URI=/testdrive/index.php?r=comment/index
in /var/www/html/testdrive/protected/views/comment/showcomments.php (15)
in /var/www/html/testdrive/protected/controllers/CommentController.php (10)
in /var/www/html/testdrive/index.php (13)
2014/07/24 16:35:25 [error] [php] Undefined variable: model (/var/www/html/testdrive/protected/views/comment/showcomments.php:15)
Stack trace:
#0 /var/www/html/yii/framework/web/CController.php(869): CommentController->renderFile()
#1 /var/www/html/yii/framework/web/CController.php(782): CommentController->renderPartial()
#2 /var/www/html/testdrive/protected/controllers/CommentController.php(10): CommentController->render()
#3 /var/www/html/yii/framework/web/actions/CInlineAction.php(49): CommentController->actionIndex()
#4 /var/www/html/yii/framework/web/CController.php(308): CInlineAction->runWithParams()
#5 /var/www/html/yii/framework/web/CController.php(286): CommentController->runAction()
#6 /var/www/html/yii/framework/web/CController.php(265): CommentController->runActionWithFilters()
#7 /var/www/html/yii/framework/web/CWebApplication.php(282): CommentController->run()
#8 /var/www/html/yii/framework/web/CWebApplication.php(141): CWebApplication->runController()
#9 /var/www/html/yii/framework/base/CApplication.php(180): CWebApplication->processRequest()
#10 /var/www/html/testdrive/index.php(13): CWebApplication->run()
REQUEST_URI=/testdrive/index.php?r=comment/index
in /var/www/html/testdrive/protected/views/comment/showcomments.php (15)
in /var/www/html/testdrive/protected/controllers/CommentController.php (10)
in /var/www/html/testdrive/index.php (13)
2014/07/24 16:37:03 [error] [exception.CHttpException.404] exception 'CHttpException' with message 'The system is unable to find the requested action "addform".' in /var/www/html/yii/framework/web/CController.php:483
Stack trace:
#0 /var/www/html/yii/framework/web/CController.php(270): CController->missingAction('addform')
#1 /var/www/html/yii/framework/web/CWebApplication.php(282): CController->run('addform')
#2 /var/www/html/yii/framework/web/CWebApplication.php(141): CWebApplication->runController('comment/addform')
#3 /var/www/html/yii/framework/base/CApplication.php(180): CWebApplication->processRequest()
#4 /var/www/html/testdrive/index.php(13): CApplication->run()
#5 {main}
REQUEST_URI=/testdrive/index.php?r=comment/addform
---
2014/07/24 16:38:10 [error] [php] Undefined variable: model (/var/www/html/testdrive/protected/views/comment/showcomments.php:15)
Stack trace:
#0 /var/www/html/yii/framework/web/CController.php(869): CommentController->renderFile()
#1 /var/www/html/yii/framework/web/CController.php(782): CommentController->renderPartial()
#2 /var/www/html/testdrive/protected/controllers/CommentController.php(10): CommentController->render()
#3 /var/www/html/yii/framework/web/actions/CInlineAction.php(49): CommentController->actionIndex()
#4 /var/www/html/yii/framework/web/CController.php(308): CInlineAction->runWithParams()
#5 /var/www/html/yii/framework/web/CController.php(286): CommentController->runAction()
#6 /var/www/html/yii/framework/web/CController.php(265): CommentController->runActionWithFilters()
#7 /var/www/html/yii/framework/web/CWebApplication.php(282): CommentController->run()
#8 /var/www/html/yii/framework/web/CWebApplication.php(141): CWebApplication->runController()
#9 /var/www/html/yii/framework/base/CApplication.php(180): CWebApplication->processRequest()
#10 /var/www/html/testdrive/index.php(13): CWebApplication->run()
REQUEST_URI=/testdrive/index.php?r=comment/index
in /var/www/html/testdrive/protected/views/comment/showcomments.php (15)
in /var/www/html/testdrive/protected/controllers/CommentController.php (10)
in /var/www/html/testdrive/index.php (13)
2014/07/24 16:40:29 [error] [php] Undefined variable: model (/var/www/html/testdrive/protected/views/comment/showcomments.php:15)
Stack trace:
#0 /var/www/html/yii/framework/web/CController.php(869): CommentController->renderFile()
#1 /var/www/html/yii/framework/web/CController.php(782): CommentController->renderPartial()
#2 /var/www/html/testdrive/protected/controllers/CommentController.php(10): CommentController->render()
#3 /var/www/html/yii/framework/web/actions/CInlineAction.php(49): CommentController->actionIndex()
#4 /var/www/html/yii/framework/web/CController.php(308): CInlineAction->runWithParams()
#5 /var/www/html/yii/framework/web/CController.php(286): CommentController->runAction()
#6 /var/www/html/yii/framework/web/CController.php(265): CommentController->runActionWithFilters()
#7 /var/www/html/yii/framework/web/CWebApplication.php(282): CommentController->run()
#8 /var/www/html/yii/framework/web/CWebApplication.php(141): CWebApplication->runController()
#9 /var/www/html/yii/framework/base/CApplication.php(180): CWebApplication->processRequest()
#10 /var/www/html/testdrive/index.php(13): CWebApplication->run()
REQUEST_URI=/testdrive/index.php?r=comment/index
in /var/www/html/testdrive/protected/views/comment/showcomments.php (15)
in /var/www/html/testdrive/protected/controllers/CommentController.php (10)
in /var/www/html/testdrive/index.php (13)
2014/07/24 16:40:30 [error] [php] Undefined variable: model (/var/www/html/testdrive/protected/views/comment/showcomments.php:15)
Stack trace:
#0 /var/www/html/yii/framework/web/CController.php(869): CommentController->renderFile()
#1 /var/www/html/yii/framework/web/CController.php(782): CommentController->renderPartial()
#2 /var/www/html/testdrive/protected/controllers/CommentController.php(10): CommentController->render()
#3 /var/www/html/yii/framework/web/actions/CInlineAction.php(49): CommentController->actionIndex()
#4 /var/www/html/yii/framework/web/CController.php(308): CInlineAction->runWithParams()
#5 /var/www/html/yii/framework/web/CController.php(286): CommentController->runAction()
#6 /var/www/html/yii/framework/web/CController.php(265): CommentController->runActionWithFilters()
#7 /var/www/html/yii/framework/web/CWebApplication.php(282): CommentController->run()
#8 /var/www/html/yii/framework/web/CWebApplication.php(141): CWebApplication->runController()
#9 /var/www/html/yii/framework/base/CApplication.php(180): CWebApplication->processRequest()
#10 /var/www/html/testdrive/index.php(13): CWebApplication->run()
REQUEST_URI=/testdrive/index.php?r=comment/index
in /var/www/html/testdrive/protected/views/comment/showcomments.php (15)
in /var/www/html/testdrive/protected/controllers/CommentController.php (10)
in /var/www/html/testdrive/index.php (13)
2014/07/24 16:42:39 [error] [php] Undefined variable: model (/var/www/html/testdrive/protected/views/comment/showcomments.php:6)
Stack trace:
#0 /var/www/html/yii/framework/web/CController.php(869): CommentController->renderFile()
#1 /var/www/html/yii/framework/web/CController.php(782): CommentController->renderPartial()
#2 /var/www/html/testdrive/protected/controllers/CommentController.php(10): CommentController->render()
#3 /var/www/html/yii/framework/web/actions/CInlineAction.php(49): CommentController->actionIndex()
#4 /var/www/html/yii/framework/web/CController.php(308): CInlineAction->runWithParams()
#5 /var/www/html/yii/framework/web/CController.php(286): CommentController->runAction()
#6 /var/www/html/yii/framework/web/CController.php(265): CommentController->runActionWithFilters()
#7 /var/www/html/yii/framework/web/CWebApplication.php(282): CommentController->run()
#8 /var/www/html/yii/framework/web/CWebApplication.php(141): CWebApplication->runController()
#9 /var/www/html/yii/framework/base/CApplication.php(180): CWebApplication->processRequest()
#10 /var/www/html/testdrive/index.php(13): CWebApplication->run()
REQUEST_URI=/testdrive/index.php?r=comment/index
in /var/www/html/testdrive/protected/views/comment/showcomments.php (6)
in /var/www/html/testdrive/protected/controllers/CommentController.php (10)
in /var/www/html/testdrive/index.php (13)
2014/07/24 16:43:25 [error] [php] Undefined variable: model (/var/www/html/testdrive/protected/views/comment/showcomments.php:6)
Stack trace:
#0 /var/www/html/yii/framework/web/CController.php(869): CommentController->renderFile()
#1 /var/www/html/yii/framework/web/CController.php(782): CommentController->renderPartial()
#2 /var/www/html/testdrive/protected/controllers/CommentController.php(10): CommentController->render()
#3 /var/www/html/yii/framework/web/actions/CInlineAction.php(49): CommentController->actionIndex()
#4 /var/www/html/yii/framework/web/CController.php(308): CInlineAction->runWithParams()
#5 /var/www/html/yii/framework/web/CController.php(286): CommentController->runAction()
#6 /var/www/html/yii/framework/web/CController.php(265): CommentController->runActionWithFilters()
#7 /var/www/html/yii/framework/web/CWebApplication.php(282): CommentController->run()
#8 /var/www/html/yii/framework/web/CWebApplication.php(141): CWebApplication->runController()
#9 /var/www/html/yii/framework/base/CApplication.php(180): CWebApplication->processRequest()
#10 /var/www/html/testdrive/index.php(13): CWebApplication->run()
REQUEST_URI=/testdrive/index.php?r=comment/index
in /var/www/html/testdrive/protected/views/comment/showcomments.php (6)
in /var/www/html/testdrive/protected/controllers/CommentController.php (10)
in /var/www/html/testdrive/index.php (13)
2014/07/24 16:43:26 [error] [php] Undefined variable: model (/var/www/html/testdrive/protected/views/comment/showcomments.php:6)
Stack trace:
#0 /var/www/html/yii/framework/web/CController.php(869): CommentController->renderFile()
#1 /var/www/html/yii/framework/web/CController.php(782): CommentController->renderPartial()
#2 /var/www/html/testdrive/protected/controllers/CommentController.php(10): CommentController->render()
#3 /var/www/html/yii/framework/web/actions/CInlineAction.php(49): CommentController->actionIndex()
#4 /var/www/html/yii/framework/web/CController.php(308): CInlineAction->runWithParams()
#5 /var/www/html/yii/framework/web/CController.php(286): CommentController->runAction()
#6 /var/www/html/yii/framework/web/CController.php(265): CommentController->runActionWithFilters()
#7 /var/www/html/yii/framework/web/CWebApplication.php(282): CommentController->run()
#8 /var/www/html/yii/framework/web/CWebApplication.php(141): CWebApplication->runController()
#9 /var/www/html/yii/framework/base/CApplication.php(180): CWebApplication->processRequest()
#10 /var/www/html/testdrive/index.php(13): CWebApplication->run()
REQUEST_URI=/testdrive/index.php?r=comment/index
in /var/www/html/testdrive/protected/views/comment/showcomments.php (6)
in /var/www/html/testdrive/protected/controllers/CommentController.php (10)
in /var/www/html/testdrive/index.php (13)
2014/07/24 16:43:39 [error] [php] Undefined variable: model (/var/www/html/testdrive/protected/views/comment/showcomments.php:6)
Stack trace:
#0 /var/www/html/yii/framework/web/CController.php(869): CommentController->renderFile()
#1 /var/www/html/yii/framework/web/CController.php(782): CommentController->renderPartial()
#2 /var/www/html/testdrive/protected/controllers/CommentController.php(10): CommentController->render()
#3 /var/www/html/yii/framework/web/actions/CInlineAction.php(49): CommentController->actionIndex()
#4 /var/www/html/yii/framework/web/CController.php(308): CInlineAction->runWithParams()
#5 /var/www/html/yii/framework/web/CController.php(286): CommentController->runAction()
#6 /var/www/html/yii/framework/web/CController.php(265): CommentController->runActionWithFilters()
#7 /var/www/html/yii/framework/web/CWebApplication.php(282): CommentController->run()
#8 /var/www/html/yii/framework/web/CWebApplication.php(141): CWebApplication->runController()
#9 /var/www/html/yii/framework/base/CApplication.php(180): CWebApplication->processRequest()
#10 /var/www/html/testdrive/index.php(13): CWebApplication->run()
REQUEST_URI=/testdrive/index.php?r=comment/index
in /var/www/html/testdrive/protected/views/comment/showcomments.php (6)
in /var/www/html/testdrive/protected/controllers/CommentController.php (10)
in /var/www/html/testdrive/index.php (13)
2014/07/24 16:43:41 [error] [php] Undefined variable: model (/var/www/html/testdrive/protected/views/comment/showcomments.php:6)
Stack trace:
#0 /var/www/html/yii/framework/web/CController.php(869): CommentController->renderFile()
#1 /var/www/html/yii/framework/web/CController.php(782): CommentController->renderPartial()
#2 /var/www/html/testdrive/protected/controllers/CommentController.php(10): CommentController->render()
#3 /var/www/html/yii/framework/web/actions/CInlineAction.php(49): CommentController->actionIndex()
#4 /var/www/html/yii/framework/web/CController.php(308): CInlineAction->runWithParams()
#5 /var/www/html/yii/framework/web/CController.php(286): CommentController->runAction()
#6 /var/www/html/yii/framework/web/CController.php(265): CommentController->runActionWithFilters()
#7 /var/www/html/yii/framework/web/CWebApplication.php(282): CommentController->run()
#8 /var/www/html/yii/framework/web/CWebApplication.php(141): CWebApplication->runController()
#9 /var/www/html/yii/framework/base/CApplication.php(180): CWebApplication->processRequest()
#10 /var/www/html/testdrive/index.php(13): CWebApplication->run()
REQUEST_URI=/testdrive/index.php?r=comment/index
in /var/www/html/testdrive/protected/views/comment/showcomments.php (6)
in /var/www/html/testdrive/protected/controllers/CommentController.php (10)
in /var/www/html/testdrive/index.php (13)
2014/07/24 16:43:42 [error] [php] Undefined variable: model (/var/www/html/testdrive/protected/views/comment/showcomments.php:6)
Stack trace:
#0 /var/www/html/yii/framework/web/CController.php(869): CommentController->renderFile()
#1 /var/www/html/yii/framework/web/CController.php(782): CommentController->renderPartial()
#2 /var/www/html/testdrive/protected/controllers/CommentController.php(10): CommentController->render()
#3 /var/www/html/yii/framework/web/actions/CInlineAction.php(49): CommentController->actionIndex()
#4 /var/www/html/yii/framework/web/CController.php(308): CInlineAction->runWithParams()
#5 /var/www/html/yii/framework/web/CController.php(286): CommentController->runAction()
#6 /var/www/html/yii/framework/web/CController.php(265): CommentController->runActionWithFilters()
#7 /var/www/html/yii/framework/web/CWebApplication.php(282): CommentController->run()
#8 /var/www/html/yii/framework/web/CWebApplication.php(141): CWebApplication->runController()
#9 /var/www/html/yii/framework/base/CApplication.php(180): CWebApplication->processRequest()
#10 /var/www/html/testdrive/index.php(13): CWebApplication->run()
REQUEST_URI=/testdrive/index.php?r=comment/index
in /var/www/html/testdrive/protected/views/comment/showcomments.php (6)
in /var/www/html/testdrive/protected/controllers/CommentController.php (10)
in /var/www/html/testdrive/index.php (13)
2014/07/24 16:44:37 [error] [php] Undefined variable: model (/var/www/html/testdrive/protected/views/comment/showcomments.php:6)
Stack trace:
#0 /var/www/html/yii/framework/web/CController.php(869): CommentController->renderFile()
#1 /var/www/html/yii/framework/web/CController.php(782): CommentController->renderPartial()
#2 /var/www/html/testdrive/protected/controllers/CommentController.php(10): CommentController->render()
#3 /var/www/html/yii/framework/web/actions/CInlineAction.php(49): CommentController->actionIndex()
#4 /var/www/html/yii/framework/web/CController.php(308): CInlineAction->runWithParams()
#5 /var/www/html/yii/framework/web/CController.php(286): CommentController->runAction()
#6 /var/www/html/yii/framework/web/CController.php(265): CommentController->runActionWithFilters()
#7 /var/www/html/yii/framework/web/CWebApplication.php(282): CommentController->run()
#8 /var/www/html/yii/framework/web/CWebApplication.php(141): CWebApplication->runController()
#9 /var/www/html/yii/framework/base/CApplication.php(180): CWebApplication->processRequest()
#10 /var/www/html/testdrive/index.php(13): CWebApplication->run()
REQUEST_URI=/testdrive/index.php?r=comment/index
in /var/www/html/testdrive/protected/views/comment/showcomments.php (6)
in /var/www/html/testdrive/protected/controllers/CommentController.php (10)
in /var/www/html/testdrive/index.php (13)
2014/07/24 16:44:38 [error] [php] Undefined variable: model (/var/www/html/testdrive/protected/views/comment/showcomments.php:6)
Stack trace:
#0 /var/www/html/yii/framework/web/CController.php(869): CommentController->renderFile()
#1 /var/www/html/yii/framework/web/CController.php(782): CommentController->renderPartial()
#2 /var/www/html/testdrive/protected/controllers/CommentController.php(10): CommentController->render()
#3 /var/www/html/yii/framework/web/actions/CInlineAction.php(49): CommentController->actionIndex()
#4 /var/www/html/yii/framework/web/CController.php(308): CInlineAction->runWithParams()
#5 /var/www/html/yii/framework/web/CController.php(286): CommentController->runAction()
#6 /var/www/html/yii/framework/web/CController.php(265): CommentController->runActionWithFilters()
#7 /var/www/html/yii/framework/web/CWebApplication.php(282): CommentController->run()
#8 /var/www/html/yii/framework/web/CWebApplication.php(141): CWebApplication->runController()
#9 /var/www/html/yii/framework/base/CApplication.php(180): CWebApplication->processRequest()
#10 /var/www/html/testdrive/index.php(13): CWebApplication->run()
REQUEST_URI=/testdrive/index.php?r=comment/index
in /var/www/html/testdrive/protected/views/comment/showcomments.php (6)
in /var/www/html/testdrive/protected/controllers/CommentController.php (10)
in /var/www/html/testdrive/index.php (13)
2014/07/24 16:44:39 [error] [php] Undefined variable: model (/var/www/html/testdrive/protected/views/comment/showcomments.php:6)
Stack trace:
#0 /var/www/html/yii/framework/web/CController.php(869): CommentController->renderFile()
#1 /var/www/html/yii/framework/web/CController.php(782): CommentController->renderPartial()
#2 /var/www/html/testdrive/protected/controllers/CommentController.php(10): CommentController->render()
#3 /var/www/html/yii/framework/web/actions/CInlineAction.php(49): CommentController->actionIndex()
#4 /var/www/html/yii/framework/web/CController.php(308): CInlineAction->runWithParams()
#5 /var/www/html/yii/framework/web/CController.php(286): CommentController->runAction()
#6 /var/www/html/yii/framework/web/CController.php(265): CommentController->runActionWithFilters()
#7 /var/www/html/yii/framework/web/CWebApplication.php(282): CommentController->run()
#8 /var/www/html/yii/framework/web/CWebApplication.php(141): CWebApplication->runController()
#9 /var/www/html/yii/framework/base/CApplication.php(180): CWebApplication->processRequest()
#10 /var/www/html/testdrive/index.php(13): CWebApplication->run()
REQUEST_URI=/testdrive/index.php?r=comment/index
in /var/www/html/testdrive/protected/views/comment/showcomments.php (6)
in /var/www/html/testdrive/protected/controllers/CommentController.php (10)
in /var/www/html/testdrive/index.php (13)
2014/07/24 16:44:39 [error] [php] Undefined variable: model (/var/www/html/testdrive/protected/views/comment/showcomments.php:6)
Stack trace:
#0 /var/www/html/yii/framework/web/CController.php(869): CommentController->renderFile()
#1 /var/www/html/yii/framework/web/CController.php(782): CommentController->renderPartial()
#2 /var/www/html/testdrive/protected/controllers/CommentController.php(10): CommentController->render()
#3 /var/www/html/yii/framework/web/actions/CInlineAction.php(49): CommentController->actionIndex()
#4 /var/www/html/yii/framework/web/CController.php(308): CInlineAction->runWithParams()
#5 /var/www/html/yii/framework/web/CController.php(286): CommentController->runAction()
#6 /var/www/html/yii/framework/web/CController.php(265): CommentController->runActionWithFilters()
#7 /var/www/html/yii/framework/web/CWebApplication.php(282): CommentController->run()
#8 /var/www/html/yii/framework/web/CWebApplication.php(141): CWebApplication->runController()
#9 /var/www/html/yii/framework/base/CApplication.php(180): CWebApplication->processRequest()
#10 /var/www/html/testdrive/index.php(13): CWebApplication->run()
REQUEST_URI=/testdrive/index.php?r=comment/index
in /var/www/html/testdrive/protected/views/comment/showcomments.php (6)
in /var/www/html/testdrive/protected/controllers/CommentController.php (10)
in /var/www/html/testdrive/index.php (13)
2014/07/24 16:44:40 [error] [php] Undefined variable: model (/var/www/html/testdrive/protected/views/comment/showcomments.php:6)
Stack trace:
#0 /var/www/html/yii/framework/web/CController.php(869): CommentController->renderFile()
#1 /var/www/html/yii/framework/web/CController.php(782): CommentController->renderPartial()
#2 /var/www/html/testdrive/protected/controllers/CommentController.php(10): CommentController->render()
#3 /var/www/html/yii/framework/web/actions/CInlineAction.php(49): CommentController->actionIndex()
#4 /var/www/html/yii/framework/web/CController.php(308): CInlineAction->runWithParams()
#5 /var/www/html/yii/framework/web/CController.php(286): CommentController->runAction()
#6 /var/www/html/yii/framework/web/CController.php(265): CommentController->runActionWithFilters()
#7 /var/www/html/yii/framework/web/CWebApplication.php(282): CommentController->run()
#8 /var/www/html/yii/framework/web/CWebApplication.php(141): CWebApplication->runController()
#9 /var/www/html/yii/framework/base/CApplication.php(180): CWebApplication->processRequest()
#10 /var/www/html/testdrive/index.php(13): CWebApplication->run()
REQUEST_URI=/testdrive/index.php?r=comment/index
in /var/www/html/testdrive/protected/views/comment/showcomments.php (6)
in /var/www/html/testdrive/protected/controllers/CommentController.php (10)
in /var/www/html/testdrive/index.php (13)
2014/07/24 16:45:51 [error] [php] Undefined variable: model (/var/www/html/testdrive/protected/views/comment/showcomments.php:6)
Stack trace:
#0 /var/www/html/yii/framework/web/CController.php(869): CommentController->renderFile()
#1 /var/www/html/yii/framework/web/CController.php(782): CommentController->renderPartial()
#2 /var/www/html/testdrive/protected/controllers/CommentController.php(10): CommentController->render()
#3 /var/www/html/yii/framework/web/actions/CInlineAction.php(49): CommentController->actionIndex()
#4 /var/www/html/yii/framework/web/CController.php(308): CInlineAction->runWithParams()
#5 /var/www/html/yii/framework/web/CController.php(286): CommentController->runAction()
#6 /var/www/html/yii/framework/web/CController.php(265): CommentController->runActionWithFilters()
#7 /var/www/html/yii/framework/web/CWebApplication.php(282): CommentController->run()
#8 /var/www/html/yii/framework/web/CWebApplication.php(141): CWebApplication->runController()
#9 /var/www/html/yii/framework/base/CApplication.php(180): CWebApplication->processRequest()
#10 /var/www/html/testdrive/index.php(13): CWebApplication->run()
REQUEST_URI=/testdrive/index.php?r=comment/index
in /var/www/html/testdrive/protected/views/comment/showcomments.php (6)
in /var/www/html/testdrive/protected/controllers/CommentController.php (10)
in /var/www/html/testdrive/index.php (13)
2014/07/24 16:46:15 [error] [exception.CHttpException.404] exception 'CHttpException' with message 'The system is unable to find the requested action "addform".' in /var/www/html/yii/framework/web/CController.php:483
Stack trace:
#0 /var/www/html/yii/framework/web/CController.php(270): CController->missingAction('addform')
#1 /var/www/html/yii/framework/web/CWebApplication.php(282): CController->run('addform')
#2 /var/www/html/yii/framework/web/CWebApplication.php(141): CWebApplication->runController('comment/addform')
#3 /var/www/html/yii/framework/base/CApplication.php(180): CWebApplication->processRequest()
#4 /var/www/html/testdrive/index.php(13): CApplication->run()
#5 {main}
REQUEST_URI=/testdrive/index.php?r=comment/addform
---
2014/07/24 16:46:57 [error] [php] Undefined variable: model (/var/www/html/testdrive/protected/views/comment/showcomments.php:6)
Stack trace:
#0 /var/www/html/yii/framework/web/CController.php(869): CommentController->renderFile()
#1 /var/www/html/yii/framework/web/CController.php(782): CommentController->renderPartial()
#2 /var/www/html/testdrive/protected/controllers/CommentController.php(10): CommentController->render()
#3 /var/www/html/yii/framework/web/actions/CInlineAction.php(49): CommentController->actionIndex()
#4 /var/www/html/yii/framework/web/CController.php(308): CInlineAction->runWithParams()
#5 /var/www/html/yii/framework/web/CController.php(286): CommentController->runAction()
#6 /var/www/html/yii/framework/web/CController.php(265): CommentController->runActionWithFilters()
#7 /var/www/html/yii/framework/web/CWebApplication.php(282): CommentController->run()
#8 /var/www/html/yii/framework/web/CWebApplication.php(141): CWebApplication->runController()
#9 /var/www/html/yii/framework/base/CApplication.php(180): CWebApplication->processRequest()
#10 /var/www/html/testdrive/index.php(13): CWebApplication->run()
REQUEST_URI=/testdrive/index.php?r=comment/index
in /var/www/html/testdrive/protected/views/comment/showcomments.php (6)
in /var/www/html/testdrive/protected/controllers/CommentController.php (10)
in /var/www/html/testdrive/index.php (13)
2014/07/24 16:47:09 [error] [exception.CException] exception 'CException' with message 'CommentController cannot find the requested view "comment".' in /var/www/html/yii/framework/web/CController.php:878
Stack trace:
#0 /var/www/html/yii/framework/web/CController.php(782): CController->renderPartial('comment', Array, true)
#1 /var/www/html/testdrive/protected/controllers/CommentController.php(21): CController->render('comment', Array)
#2 /var/www/html/yii/framework/web/actions/CInlineAction.php(49): CommentController->actionIndex()
#3 /var/www/html/yii/framework/web/CController.php(308): CInlineAction->runWithParams(Array)
#4 /var/www/html/yii/framework/web/CController.php(286): CController->runAction(Object(CInlineAction))
#5 /var/www/html/yii/framework/web/CController.php(265): CController->runActionWithFilters(Object(CInlineAction), Array)
#6 /var/www/html/yii/framework/web/CWebApplication.php(282): CController->run('index')
#7 /var/www/html/yii/framework/web/CWebApplication.php(141): CWebApplication->runController('comment/index')
#8 /var/www/html/yii/framework/base/CApplication.php(180): CWebApplication->processRequest()
#9 /var/www/html/testdrive/index.php(13): CApplication->run()
#10 {main}
REQUEST_URI=/testdrive/index.php?r=comment/index
---
2014/07/24 17:05:21 [error] [exception.CException] exception 'CException' with message 'CommentForm and its behaviors do not have a method or closure named "save".' in /var/www/html/yii/framework/base/CComponent.php:266
Stack trace:
#0 /var/www/html/testdrive/protected/controllers/CommentController.php(20): CComponent->__call('save', Array)
#1 /var/www/html/testdrive/protected/controllers/CommentController.php(20): CommentForm->save()
#2 /var/www/html/yii/framework/web/actions/CInlineAction.php(49): CommentController->actionIndex()
#3 /var/www/html/yii/framework/web/CController.php(308): CInlineAction->runWithParams(Array)
#4 /var/www/html/yii/framework/web/CController.php(286): CController->runAction(Object(CInlineAction))
#5 /var/www/html/yii/framework/web/CController.php(265): CController->runActionWithFilters(Object(CInlineAction), Array)
#6 /var/www/html/yii/framework/web/CWebApplication.php(282): CController->run('index')
#7 /var/www/html/yii/framework/web/CWebApplication.php(141): CWebApplication->runController('comment/index')
#8 /var/www/html/yii/framework/base/CApplication.php(180): CWebApplication->processRequest()
#9 /var/www/html/testdrive/index.php(13): CApplication->run()
#10 {main}
REQUEST_URI=/testdrive/index.php?r=comment/index
HTTP_REFERER=http://localhost/testdrive/index.php?r=comment/index
---
2014/07/24 17:40:20 [error] [php] Indirect modification of overloaded element of CHttpSession has no effect (/var/www/html/testdrive/protected/models/CommentForm.php:39)
Stack trace:
#0 /var/www/html/yii/framework/web/CController.php(308): CInlineAction->runWithParams()
#1 /var/www/html/yii/framework/web/CController.php(286): CommentController->runAction()
#2 /var/www/html/yii/framework/web/CController.php(265): CommentController->runActionWithFilters()
#3 /var/www/html/yii/framework/web/CWebApplication.php(282): CommentController->run()
#4 /var/www/html/yii/framework/web/CWebApplication.php(141): CWebApplication->runController()
#5 /var/www/html/yii/framework/base/CApplication.php(180): CWebApplication->processRequest()
#6 /var/www/html/testdrive/index.php(13): CWebApplication->run()
REQUEST_URI=/testdrive/index.php?r=comment/index
in /var/www/html/testdrive/protected/models/CommentForm.php (39)
in /var/www/html/testdrive/protected/controllers/CommentController.php (15)
in /var/www/html/testdrive/index.php (13)
2014/07/24 17:49:26 [error] [php] array_push() expects at least 2 parameters, 1 given (/var/www/html/testdrive/protected/models/CommentForm.php:48)
Stack trace:
#0 /var/www/html/yii/framework/web/actions/CInlineAction.php(49): CommentController->actionIndex()
#1 /var/www/html/yii/framework/web/CController.php(308): CInlineAction->runWithParams()
#2 /var/www/html/yii/framework/web/CController.php(286): CommentController->runAction()
#3 /var/www/html/yii/framework/web/CController.php(265): CommentController->runActionWithFilters()
#4 /var/www/html/yii/framework/web/CWebApplication.php(282): CommentController->run()
#5 /var/www/html/yii/framework/web/CWebApplication.php(141): CWebApplication->runController()
#6 /var/www/html/yii/framework/base/CApplication.php(180): CWebApplication->processRequest()
#7 /var/www/html/testdrive/index.php(13): CWebApplication->run()
REQUEST_URI=/testdrive/index.php?r=comment/index
in /var/www/html/testdrive/protected/models/CommentForm.php (48)
in /var/www/html/testdrive/protected/controllers/CommentController.php (16)
in /var/www/html/testdrive/index.php (13)
